-outxml
-source
1.6
-target
1.6
-classpath
C:\Users\Valdemar\.m2\repository\antlr\antlr\2.7.6\antlr-2.7.6.jar;C:\Users\Valdemar\.m2\repository\aopalliance\aopalliance\1.0\aopalliance-1.0.jar;C:\Users\Valdemar\.m2\repository\cglib\cglib-nodep\2.2\cglib-nodep-2.2.jar;C:\Users\Valdemar\.m2\repository\commons-collections\commons-collections\3.1\commons-collections-3.1.jar;C:\Users\Valdemar\.m2\repository\commons-dbcp\commons-dbcp\1.3\commons-dbcp-1.3.jar;C:\Users\Valdemar\.m2\repository\commons-pool\commons-pool\1.5.4\commons-pool-1.5.4.jar;C:\Users\Valdemar\.m2\repository\dom4j\dom4j\1.6.1\dom4j-1.6.1.jar;C:\Users\Valdemar\.m2\repository\javassist\javassist\3.12.0.GA\javassist-3.12.0.GA.jar;C:\Users\Valdemar\.m2\repository\javax\servlet\servlet-api\2.5\servlet-api-2.5.jar;C:\Users\Valdemar\.m2\repository\javax\transaction\jta\1.1\jta-1.1.jar;C:\Users\Valdemar\.m2\repository\javax\validation\validation-api\1.0.0.GA\validation-api-1.0.0.GA.jar;C:\Users\Valdemar\.m2\repository\junit\junit\4.8.2\junit-4.8.2.jar;C:\Users\Valdemar\.m2\repository\log4j\log4j\1.2.16\log4j-1.2.16.jar;C:\Users\Valdemar\.m2\repository\net\sf\flexjson\flexjson\2.1\flexjson-2.1.jar;C:\Users\Valdemar\.m2\repository\org\aspectj\aspectjrt\1.6.11.M2\aspectjrt-1.6.11.M2.jar;C:\Users\Valdemar\.m2\repository\org\aspectj\aspectjweaver\1.6.11.M2\aspectjweaver-1.6.11.M2.jar;C:\Users\Valdemar\.m2\repository\org\hibernate\hibernate-commons-annotations\3.2.0.Final\hibernate-commons-annotations-3.2.0.Final.jar;C:\Users\Valdemar\.m2\repository\org\hibernate\hibernate-core\3.6.1.Final\hibernate-core-3.6.1.Final.jar;C:\Users\Valdemar\.m2\repository\org\hibernate\hibernate-entitymanager\3.6.1.Final\hibernate-entitymanager-3.6.1.Final.jar;C:\Users\Valdemar\.m2\repository\org\hibernate\hibernate-validator\4.1.0.Final\hibernate-validator-4.1.0.Final.jar;C:\Users\Valdemar\.m2\repository\org\hibernate\javax\persistence\hibernate-jpa-2.0-api\1.0.0.Final\hibernate-jpa-2.0-api-1.0.0.Final.jar;C:\Users\Valdemar\.m2\repository\org\slf4j\jcl-over-slf4j\1.6.1\jcl-over-slf4j-1.6.1.jar;C:\Users\Valdemar\.m2\repository\org\slf4j\slf4j-api\1.6.1\slf4j-api-1.6.1.jar;C:\Users\Valdemar\.m2\repository\org\slf4j\slf4j-log4j12\1.6.1\slf4j-log4j12-1.6.1.jar;C:\Users\Valdemar\.m2\repository\org\springframework\spring-aop\3.0.5.RELEASE\spring-aop-3.0.5.RELEASE.jar;C:\Users\Valdemar\.m2\repository\org\springframework\spring-asm\3.0.5.RELEASE\spring-asm-3.0.5.RELEASE.jar;C:\Users\Valdemar\.m2\repository\org\springframework\spring-aspects\3.0.5.RELEASE\spring-aspects-3.0.5.RELEASE.jar;C:\Users\Valdemar\.m2\repository\org\springframework\spring-beans\3.0.5.RELEASE\spring-beans-3.0.5.RELEASE.jar;C:\Users\Valdemar\.m2\repository\org\springframework\spring-context\3.0.5.RELEASE\spring-context-3.0.5.RELEASE.jar;C:\Users\Valdemar\.m2\repository\org\springframework\spring-context-support\3.0.5.RELEASE\spring-context-support-3.0.5.RELEASE.jar;C:\Users\Valdemar\.m2\repository\org\springframework\spring-core\3.0.5.RELEASE\spring-core-3.0.5.RELEASE.jar;C:\Users\Valdemar\.m2\repository\org\springframework\spring-expression\3.0.5.RELEASE\spring-expression-3.0.5.RELEASE.jar;C:\Users\Valdemar\.m2\repository\org\springframework\spring-jdbc\3.0.5.RELEASE\spring-jdbc-3.0.5.RELEASE.jar;C:\Users\Valdemar\.m2\repository\org\springframework\spring-orm\3.0.5.RELEASE\spring-orm-3.0.5.RELEASE.jar;C:\Users\Valdemar\.m2\repository\org\springframework\spring-test\3.0.5.RELEASE\spring-test-3.0.5.RELEASE.jar;C:\Users\Valdemar\.m2\repository\org\springframework\spring-tx\3.0.5.RELEASE\spring-tx-3.0.5.RELEASE.jar;C:\Users\Valdemar\.m2\repository\org\springframework\roo\org.springframework.roo.annotations\1.1.2.RELEASE\org.springframework.roo.annotations-1.1.2.RELEASE.jar;C:\Users\Valdemar\.m2\repository\postgresql\postgresql\8.4-701.jdbc3\postgresql-8.4-701.jdbc3.jar;C:\java\springsource\spring-roo-1.1.2.RELEASE\bin\target\classes
-aspectpath
C:\Users\Valdemar\.m2\repository\org\springframework\spring-aspects\3.0.5.RELEASE\spring-aspects-3.0.5.RELEASE.jar
-d
C:\java\springsource\spring-roo-1.1.2.RELEASE\bin\target\classes
C:\java\springsource\spring-roo-1.1.2.RELEASE\bin\src\main\java\br\com\walfarma\dominio\TipoPreco.java
C:\java\springsource\spring-roo-1.1.2.RELEASE\bin\src\main\java\br\com\walfarma\dominio\MovimentacaoCaixa_Roo_Entity.aj
C:\java\springsource\spring-roo-1.1.2.RELEASE\bin\src\main\java\br\com\walfarma\dominio\Cliente_Roo_Entity.aj
C:\java\springsource\spring-roo-1.1.2.RELEASE\bin\src\main\java\br\com\walfarma\dominio\Lote_Roo_JavaBean.aj
C:\java\springsource\spring-roo-1.1.2.RELEASE\bin\src\main\java\br\com\walfarma\dominio\Convenio.java
C:\java\springsource\spring-roo-1.1.2.RELEASE\bin\src\main\java\br\com\walfarma\dominio\EstadoCivil.java
C:\java\springsource\spring-roo-1.1.2.RELEASE\bin\src\main\java\br\com\walfarma\dominio\Estoque.java
C:\java\springsource\spring-roo-1.1.2.RELEASE\bin\src\main\java\br\com\walfarma\dominio\Pedido_Roo_JavaBean.aj
C:\java\springsource\spring-roo-1.1.2.RELEASE\bin\src\main\java\br\com\walfarma\dominio\FechamentoConvenio_Roo_ToString.aj
C:\java\springsource\spring-roo-1.1.2.RELEASE\bin\src\main\java\br\com\walfarma\dominio\TipoNotaFiscal.java
C:\java\springsource\spring-roo-1.1.2.RELEASE\bin\src\main\java\br\com\walfarma\dominio\Endereco_Roo_Entity.aj
C:\java\springsource\spring-roo-1.1.2.RELEASE\bin\src\main\java\br\com\walfarma\dominio\Fornecedor_Roo_Entity.aj
C:\java\springsource\spring-roo-1.1.2.RELEASE\bin\src\main\java\br\com\walfarma\dominio\Fichario_Roo_Entity.aj
C:\java\springsource\spring-roo-1.1.2.RELEASE\bin\src\main\java\br\com\walfarma\dominio\Produto.java
C:\java\springsource\spring-roo-1.1.2.RELEASE\bin\src\main\java\br\com\walfarma\dominio\Loja_Roo_Configurable.aj
C:\java\springsource\spring-roo-1.1.2.RELEASE\bin\src\main\java\br\com\walfarma\dominio\Fichario_Roo_JavaBean.aj
C:\java\springsource\spring-roo-1.1.2.RELEASE\bin\src\main\java\br\com\walfarma\dominio\Convenio_Roo_ToString.aj
C:\java\springsource\spring-roo-1.1.2.RELEASE\bin\src\main\java\br\com\walfarma\dominio\Perfumaria.java
C:\java\springsource\spring-roo-1.1.2.RELEASE\bin\src\main\java\br\com\walfarma\dominio\Fornecedor_Roo_JavaBean.aj
C:\java\springsource\spring-roo-1.1.2.RELEASE\bin\src\main\java\br\com\walfarma\dominio\Perfumaria_Roo_JavaBean.aj
C:\java\springsource\spring-roo-1.1.2.RELEASE\bin\src\main\java\br\com\walfarma\dominio\Caixa_Roo_ToString.aj
C:\java\springsource\spring-roo-1.1.2.RELEASE\bin\src\main\java\br\com\walfarma\dominio\Loja_Roo_JavaBean.aj
C:\java\springsource\spring-roo-1.1.2.RELEASE\bin\src\main\java\br\com\walfarma\dominio\ContasBoletas_Roo_Configurable.aj
C:\java\springsource\spring-roo-1.1.2.RELEASE\bin\src\main\java\br\com\walfarma\dominio\MovimentacaoCaixa.java
C:\java\springsource\spring-roo-1.1.2.RELEASE\bin\src\main\java\br\com\walfarma\dominio\Categoria.java
C:\java\springsource\spring-roo-1.1.2.RELEASE\bin\src\main\java\br\com\walfarma\dominio\Categoria_Roo_ToString.aj
C:\java\springsource\spring-roo-1.1.2.RELEASE\bin\src\main\java\br\com\walfarma\dominio\Estoque_Roo_Configurable.aj
C:\java\springsource\spring-roo-1.1.2.RELEASE\bin\src\main\java\br\com\walfarma\dominio\Contato_Roo_JavaBean.aj
C:\java\springsource\spring-roo-1.1.2.RELEASE\bin\src\main\java\br\com\walfarma\dominio\ContasBoletas_Roo_Entity.aj
C:\java\springsource\spring-roo-1.1.2.RELEASE\bin\src\main\java\br\com\walfarma\dominio\FechamentoConvenio_Roo_Configurable.aj
C:\java\springsource\spring-roo-1.1.2.RELEASE\bin\src\main\java\br\com\walfarma\dominio\Status.java
C:\java\springsource\spring-roo-1.1.2.RELEASE\bin\src\main\java\br\com\walfarma\dominio\Cheque_Roo_ToString.aj
C:\java\springsource\spring-roo-1.1.2.RELEASE\bin\src\main\java\br\com\walfarma\dominio\Crediario_Roo_JavaBean.aj
C:\java\springsource\spring-roo-1.1.2.RELEASE\bin\src\main\java\br\com\walfarma\dominio\TipoPagamento.java
C:\java\springsource\spring-roo-1.1.2.RELEASE\bin\src\main\java\br\com\walfarma\dominio\Perfumaria_Roo_Entity.aj
C:\java\springsource\spring-roo-1.1.2.RELEASE\bin\src\main\java\br\com\walfarma\dominio\Lote_Roo_ToString.aj
C:\java\springsource\spring-roo-1.1.2.RELEASE\bin\src\main\java\br\com\walfarma\dominio\Tributacao_Roo_JavaBean.aj
C:\java\springsource\spring-roo-1.1.2.RELEASE\bin\src\main\java\br\com\walfarma\dominio\Caixa_Roo_Entity.aj
C:\java\springsource\spring-roo-1.1.2.RELEASE\bin\src\main\java\br\com\walfarma\dominio\Categoria_Roo_Entity.aj
C:\java\springsource\spring-roo-1.1.2.RELEASE\bin\src\main\java\br\com\walfarma\dominio\Banco_Roo_Entity.aj
C:\java\springsource\spring-roo-1.1.2.RELEASE\bin\src\main\java\br\com\walfarma\dominio\Tributacao_Roo_ToString.aj
C:\java\springsource\spring-roo-1.1.2.RELEASE\bin\src\main\java\br\com\walfarma\dominio\Pedido_Roo_Configurable.aj
C:\java\springsource\spring-roo-1.1.2.RELEASE\bin\src\main\java\br\com\walfarma\dominio\ItemNota_Roo_JavaBean.aj
C:\java\springsource\spring-roo-1.1.2.RELEASE\bin\src\main\java\br\com\walfarma\dominio\CabecalhoNota_Roo_Configurable.aj
C:\java\springsource\spring-roo-1.1.2.RELEASE\bin\src\main\java\br\com\walfarma\dominio\MovimentacaoCaixa_Roo_Configurable.aj
C:\java\springsource\spring-roo-1.1.2.RELEASE\bin\src\main\java\br\com\walfarma\dominio\EnderecoEntrega_Roo_JavaBean.aj
C:\java\springsource\spring-roo-1.1.2.RELEASE\bin\src\main\java\br\com\walfarma\dominio\Produto_Roo_Configurable.aj
C:\java\springsource\spring-roo-1.1.2.RELEASE\bin\src\main\java\br\com\walfarma\dominio\Endereco_Roo_ToString.aj
C:\java\springsource\spring-roo-1.1.2.RELEASE\bin\src\main\java\br\com\walfarma\dominio\Psicotropicos_Roo_Entity.aj
C:\java\springsource\spring-roo-1.1.2.RELEASE\bin\src\main\java\br\com\walfarma\dominio\Endereco_Roo_Configurable.aj
C:\java\springsource\spring-roo-1.1.2.RELEASE\bin\src\main\java\br\com\walfarma\dominio\Pedido_Roo_ToString.aj
C:\java\springsource\spring-roo-1.1.2.RELEASE\bin\src\main\java\br\com\walfarma\dominio\Contato.java
C:\java\springsource\spring-roo-1.1.2.RELEASE\bin\src\main\java\br\com\walfarma\dominio\Etiqueta_Roo_JavaBean.aj
C:\java\springsource\spring-roo-1.1.2.RELEASE\bin\src\main\java\br\com\walfarma\dominio\Cheque_Roo_Entity.aj
C:\java\springsource\spring-roo-1.1.2.RELEASE\bin\src\main\java\br\com\walfarma\dominio\Substancia.java
C:\java\springsource\spring-roo-1.1.2.RELEASE\bin\src\main\java\br\com\walfarma\dominio\Inadimplente.java
C:\java\springsource\spring-roo-1.1.2.RELEASE\bin\src\main\java\br\com\walfarma\dominio\Caixa_Roo_JavaBean.aj
C:\java\springsource\spring-roo-1.1.2.RELEASE\bin\src\main\java\br\com\walfarma\dominio\Fichario_Roo_ToString.aj
C:\java\springsource\spring-roo-1.1.2.RELEASE\bin\src\main\java\br\com\walfarma\dominio\Fichario_Roo_Configurable.aj
C:\java\springsource\spring-roo-1.1.2.RELEASE\bin\src\main\java\br\com\walfarma\dominio\Perfumaria_Roo_ToString.aj
C:\java\springsource\spring-roo-1.1.2.RELEASE\bin\src\main\java\br\com\walfarma\dominio\Lote_Roo_Entity.aj
C:\java\springsource\spring-roo-1.1.2.RELEASE\bin\src\main\java\br\com\walfarma\dominio\Contato_Roo_Configurable.aj
C:\java\springsource\spring-roo-1.1.2.RELEASE\bin\src\main\java\br\com\walfarma\dominio\Etiqueta_Roo_ToString.aj
C:\java\springsource\spring-roo-1.1.2.RELEASE\bin\src\main\java\br\com\walfarma\dominio\FechamentoConvenio_Roo_JavaBean.aj
C:\java\springsource\spring-roo-1.1.2.RELEASE\bin\src\main\java\br\com\walfarma\dominio\Cliente_Roo_Configurable.aj
C:\java\springsource\spring-roo-1.1.2.RELEASE\bin\src\main\java\br\com\walfarma\dominio\ProdutoSubstancia_Roo_Configurable.aj
C:\java\springsource\spring-roo-1.1.2.RELEASE\bin\src\main\java\br\com\walfarma\dominio\Crediario_Roo_Entity.aj
C:\java\springsource\spring-roo-1.1.2.RELEASE\bin\src\main\java\br\com\walfarma\dominio\CurvaABC_Roo_JavaBean.aj
C:\java\springsource\spring-roo-1.1.2.RELEASE\bin\src\main\java\br\com\walfarma\dominio\Endereco_Roo_JavaBean.aj
C:\java\springsource\spring-roo-1.1.2.RELEASE\bin\src\main\java\br\com\walfarma\dominio\Pedido_Roo_Entity.aj
C:\java\springsource\spring-roo-1.1.2.RELEASE\bin\src\main\java\br\com\walfarma\dominio\TipoSituacaoFichario.java
C:\java\springsource\spring-roo-1.1.2.RELEASE\bin\src\main\java\br\com\walfarma\dominio\TipoCancelamento.java
C:\java\springsource\spring-roo-1.1.2.RELEASE\bin\src\main\java\br\com\walfarma\dominio\ContasBoletas_Roo_ToString.aj
C:\java\springsource\spring-roo-1.1.2.RELEASE\bin\src\main\java\br\com\walfarma\dominio\CurvaABC_Roo_ToString.aj
C:\java\springsource\spring-roo-1.1.2.RELEASE\bin\src\main\java\br\com\walfarma\dominio\Cheque_Roo_JavaBean.aj
C:\java\springsource\spring-roo-1.1.2.RELEASE\bin\src\main\java\br\com\walfarma\dominio\Substancia_Roo_JavaBean.aj
C:\java\springsource\spring-roo-1.1.2.RELEASE\bin\src\main\java\br\com\walfarma\dominio\CabecalhoNota_Roo_JavaBean.aj
C:\java\springsource\spring-roo-1.1.2.RELEASE\bin\src\main\java\br\com\walfarma\dominio\FechamentoConvenio_Roo_Entity.aj
C:\java\springsource\spring-roo-1.1.2.RELEASE\bin\src\main\java\br\com\walfarma\dominio\Tributacao_Roo_Configurable.aj
C:\java\springsource\spring-roo-1.1.2.RELEASE\bin\src\main\java\br\com\walfarma\dominio\Venda_Roo_Configurable.aj
C:\java\springsource\spring-roo-1.1.2.RELEASE\bin\src\main\java\br\com\walfarma\dominio\Substancia_Roo_ToString.aj
C:\java\springsource\spring-roo-1.1.2.RELEASE\bin\src\main\java\br\com\walfarma\dominio\ProdutoSubstancia_Roo_Entity.aj
C:\java\springsource\spring-roo-1.1.2.RELEASE\bin\src\main\java\br\com\walfarma\dominio\FechamentoConvenio.java
C:\java\springsource\spring-roo-1.1.2.RELEASE\bin\src\main\java\br\com\walfarma\dominio\ItemNota_Roo_Configurable.aj
C:\java\springsource\spring-roo-1.1.2.RELEASE\bin\src\main\java\br\com\walfarma\dominio\Psicotropicos_Roo_ToString.aj
C:\java\springsource\spring-roo-1.1.2.RELEASE\bin\src\main\java\br\com\walfarma\dominio\ItemNota_Roo_ToString.aj
C:\java\springsource\spring-roo-1.1.2.RELEASE\bin\src\main\java\br\com\walfarma\dominio\Pedido.java
C:\java\springsource\spring-roo-1.1.2.RELEASE\bin\src\main\java\br\com\walfarma\dominio\ContasRecebidas_Roo_ToString.aj
C:\java\springsource\spring-roo-1.1.2.RELEASE\bin\src\main\java\br\com\walfarma\dominio\Funcionario.java
C:\java\springsource\spring-roo-1.1.2.RELEASE\bin\src\main\java\br\com\walfarma\dominio\Convenio_Roo_JavaBean.aj
C:\java\springsource\spring-roo-1.1.2.RELEASE\bin\src\main\java\br\com\walfarma\dominio\Venda.java
C:\java\springsource\spring-roo-1.1.2.RELEASE\bin\src\main\java\br\com\walfarma\dominio\CabecalhoNota_Roo_ToString.aj
C:\java\springsource\spring-roo-1.1.2.RELEASE\bin\src\main\java\br\com\walfarma\dominio\StatusTransferencia.java
C:\java\springsource\spring-roo-1.1.2.RELEASE\bin\src\main\java\br\com\walfarma\dominio\Fichario.java
C:\java\springsource\spring-roo-1.1.2.RELEASE\bin\src\main\java\br\com\walfarma\dominio\Venda_Roo_Entity.aj
C:\java\springsource\spring-roo-1.1.2.RELEASE\bin\src\main\java\br\com\walfarma\dominio\ItemNota.java
C:\java\springsource\spring-roo-1.1.2.RELEASE\bin\src\main\java\br\com\walfarma\dominio\Tributacao_Roo_Entity.aj
C:\java\springsource\spring-roo-1.1.2.RELEASE\bin\src\main\java\br\com\walfarma\dominio\CurvaABC_Roo_Configurable.aj
C:\java\springsource\spring-roo-1.1.2.RELEASE\bin\src\main\java\br\com\walfarma\dominio\EnderecoEntrega_Roo_Entity.aj
C:\java\springsource\spring-roo-1.1.2.RELEASE\bin\src\main\java\br\com\walfarma\dominio\TipoMovimentacao.java
C:\java\springsource\spring-roo-1.1.2.RELEASE\bin\src\main\java\br\com\walfarma\dominio\Endereco.java
C:\java\springsource\spring-roo-1.1.2.RELEASE\bin\src\main\java\br\com\walfarma\dominio\ItemNota_Roo_Entity.aj
C:\java\springsource\spring-roo-1.1.2.RELEASE\bin\src\main\java\br\com\walfarma\dominio\Banco_Roo_Configurable.aj
C:\java\springsource\spring-roo-1.1.2.RELEASE\bin\src\main\java\br\com\walfarma\dominio\Cliente.java
C:\java\springsource\spring-roo-1.1.2.RELEASE\bin\src\main\java\br\com\walfarma\dominio\Vendedor_Roo_Configurable.aj
C:\java\springsource\spring-roo-1.1.2.RELEASE\bin\src\main\java\br\com\walfarma\dominio\Vendedor_Roo_JavaBean.aj
C:\java\springsource\spring-roo-1.1.2.RELEASE\bin\src\main\java\br\com\walfarma\dominio\Perfumaria_Roo_Configurable.aj
C:\java\springsource\spring-roo-1.1.2.RELEASE\bin\src\main\java\br\com\walfarma\dominio\Substancia_Roo_Configurable.aj
C:\java\springsource\spring-roo-1.1.2.RELEASE\bin\src\main\java\br\com\walfarma\dominio\Psicotropicos.java
C:\java\springsource\spring-roo-1.1.2.RELEASE\bin\src\main\java\br\com\walfarma\dominio\CabecalhoVenda.java
C:\java\springsource\spring-roo-1.1.2.RELEASE\bin\src\main\java\br\com\walfarma\dominio\Banco_Roo_JavaBean.aj
C:\java\springsource\spring-roo-1.1.2.RELEASE\bin\src\main\java\br\com\walfarma\dominio\EnderecoEntrega.java
C:\java\springsource\spring-roo-1.1.2.RELEASE\bin\src\main\java\br\com\walfarma\dominio\Fornecedor.java
C:\java\springsource\spring-roo-1.1.2.RELEASE\bin\src\main\java\br\com\walfarma\dominio\Psicotropicos_Roo_JavaBean.aj
C:\java\springsource\spring-roo-1.1.2.RELEASE\bin\src\main\java\br\com\walfarma\dominio\Fornecedor_Roo_Configurable.aj
C:\java\springsource\spring-roo-1.1.2.RELEASE\bin\src\main\java\br\com\walfarma\dominio\Categoria_Roo_Configurable.aj
C:\java\springsource\spring-roo-1.1.2.RELEASE\bin\src\main\java\br\com\walfarma\dominio\Crediario.java
C:\java\springsource\spring-roo-1.1.2.RELEASE\bin\src\main\java\br\com\walfarma\dominio\Produto_Roo_JavaBean.aj
C:\java\springsource\spring-roo-1.1.2.RELEASE\bin\src\main\java\br\com\walfarma\dominio\Loja_Roo_ToString.aj
C:\java\springsource\spring-roo-1.1.2.RELEASE\bin\src\main\java\br\com\walfarma\dominio\Contato_Roo_ToString.aj
C:\java\springsource\spring-roo-1.1.2.RELEASE\bin\src\main\java\br\com\walfarma\dominio\EnderecoEntrega_Roo_Configurable.aj
C:\java\springsource\spring-roo-1.1.2.RELEASE\bin\src\main\java\br\com\walfarma\dominio\Vendedor_Roo_ToString.aj
C:\java\springsource\spring-roo-1.1.2.RELEASE\bin\src\main\java\br\com\walfarma\dominio\Vendedor_Roo_Entity.aj
C:\java\springsource\spring-roo-1.1.2.RELEASE\bin\src\main\java\br\com\walfarma\dominio\CabecalhoVenda_Roo_JavaBean.aj
C:\java\springsource\spring-roo-1.1.2.RELEASE\bin\src\main\java\br\com\walfarma\dominio\Cheque.java
C:\java\springsource\spring-roo-1.1.2.RELEASE\bin\src\main\java\br\com\walfarma\dominio\Caixa_Roo_Configurable.aj
C:\java\springsource\spring-roo-1.1.2.RELEASE\bin\src\main\java\br\com\walfarma\dominio\SEXO.java
C:\java\springsource\spring-roo-1.1.2.RELEASE\bin\src\main\java\br\com\walfarma\dominio\Loja_Roo_Entity.aj
C:\java\springsource\spring-roo-1.1.2.RELEASE\bin\src\main\java\br\com\walfarma\dominio\Psicotropicos_Roo_Configurable.aj
C:\java\springsource\spring-roo-1.1.2.RELEASE\bin\src\main\java\br\com\walfarma\dominio\ContasRecebidas_Roo_Configurable.aj
C:\java\springsource\spring-roo-1.1.2.RELEASE\bin\src\main\java\br\com\walfarma\dominio\Produto_Roo_Entity.aj
C:\java\springsource\spring-roo-1.1.2.RELEASE\bin\src\main\java\br\com\walfarma\dominio\Contato_Roo_Entity.aj
C:\java\springsource\spring-roo-1.1.2.RELEASE\bin\src\main\java\br\com\walfarma\dominio\Substancia_Roo_Entity.aj
C:\java\springsource\spring-roo-1.1.2.RELEASE\bin\src\main\java\br\com\walfarma\dominio\Estoque_Roo_JavaBean.aj
C:\java\springsource\spring-roo-1.1.2.RELEASE\bin\src\main\java\br\com\walfarma\dominio\Banco_Roo_ToString.aj
C:\java\springsource\spring-roo-1.1.2.RELEASE\bin\src\main\java\br\com\walfarma\dominio\CabecalhoNota_Roo_Entity.aj
C:\java\springsource\spring-roo-1.1.2.RELEASE\bin\src\main\java\br\com\walfarma\dominio\Estoque_Roo_ToString.aj
C:\java\springsource\spring-roo-1.1.2.RELEASE\bin\src\main\java\br\com\walfarma\dominio\Caixa.java
C:\java\springsource\spring-roo-1.1.2.RELEASE\bin\src\main\java\br\com\walfarma\dominio\Inadimplente_Roo_Entity.aj
C:\java\springsource\spring-roo-1.1.2.RELEASE\bin\src\main\java\br\com\walfarma\dominio\Crediario_Roo_Configurable.aj
C:\java\springsource\spring-roo-1.1.2.RELEASE\bin\src\main\java\br\com\walfarma\dominio\Lote_Roo_Configurable.aj
C:\java\springsource\spring-roo-1.1.2.RELEASE\bin\src\main\java\br\com\walfarma\dominio\Inadimplente_Roo_JavaBean.aj
C:\java\springsource\spring-roo-1.1.2.RELEASE\bin\src\main\java\br\com\walfarma\dominio\CurvaABC_Roo_Entity.aj
C:\java\springsource\spring-roo-1.1.2.RELEASE\bin\src\main\java\br\com\walfarma\dominio\ProdutoSubstancia_Roo_JavaBean.aj
C:\java\springsource\spring-roo-1.1.2.RELEASE\bin\src\main\java\br\com\walfarma\dominio\Loja.java
C:\java\springsource\spring-roo-1.1.2.RELEASE\bin\src\main\java\br\com\walfarma\dominio\Crediario_Roo_ToString.aj
C:\java\springsource\spring-roo-1.1.2.RELEASE\bin\src\main\java\br\com\walfarma\dominio\Etiqueta.java
C:\java\springsource\spring-roo-1.1.2.RELEASE\bin\src\main\java\br\com\walfarma\dominio\Vendedor.java
C:\java\springsource\spring-roo-1.1.2.RELEASE\bin\src\main\java\br\com\walfarma\dominio\ProdutoSubstancia.java
C:\java\springsource\spring-roo-1.1.2.RELEASE\bin\src\main\java\br\com\walfarma\dominio\Convenio_Roo_Entity.aj
C:\java\springsource\spring-roo-1.1.2.RELEASE\bin\src\main\java\br\com\walfarma\dominio\Funcionario_Roo_Configurable.aj
C:\java\springsource\spring-roo-1.1.2.RELEASE\bin\src\main\java\br\com\walfarma\dominio\Fornecedor_Roo_ToString.aj
C:\java\springsource\spring-roo-1.1.2.RELEASE\bin\src\main\java\br\com\walfarma\dominio\ContasRecebidas_Roo_JavaBean.aj
C:\java\springsource\spring-roo-1.1.2.RELEASE\bin\src\main\java\br\com\walfarma\dominio\Estoque_Roo_Entity.aj
C:\java\springsource\spring-roo-1.1.2.RELEASE\bin\src\main\java\br\com\walfarma\dominio\TipoUnidadeMedida.java
C:\java\springsource\spring-roo-1.1.2.RELEASE\bin\src\main\java\br\com\walfarma\dominio\Funcionario_Roo_JavaBean.aj
C:\java\springsource\spring-roo-1.1.2.RELEASE\bin\src\main\java\br\com\walfarma\dominio\Tributacao.java
C:\java\springsource\spring-roo-1.1.2.RELEASE\bin\src\main\java\br\com\walfarma\dominio\Produto_Roo_ToString.aj
C:\java\springsource\spring-roo-1.1.2.RELEASE\bin\src\main\java\br\com\walfarma\dominio\EnderecoEntrega_Roo_ToString.aj
C:\java\springsource\spring-roo-1.1.2.RELEASE\bin\src\main\java\br\com\walfarma\dominio\Convenio_Roo_Configurable.aj
C:\java\springsource\spring-roo-1.1.2.RELEASE\bin\src\main\java\br\com\walfarma\dominio\ContasBoletas_Roo_JavaBean.aj
C:\java\springsource\spring-roo-1.1.2.RELEASE\bin\src\main\java\br\com\walfarma\dominio\ContasBoletas.java
C:\java\springsource\spring-roo-1.1.2.RELEASE\bin\src\main\java\br\com\walfarma\dominio\CabecalhoVenda_Roo_ToString.aj
C:\java\springsource\spring-roo-1.1.2.RELEASE\bin\src\main\java\br\com\walfarma\dominio\Inadimplente_Roo_ToString.aj
C:\java\springsource\spring-roo-1.1.2.RELEASE\bin\src\main\java\br\com\walfarma\dominio\Funcionario_Roo_ToString.aj
C:\java\springsource\spring-roo-1.1.2.RELEASE\bin\src\main\java\br\com\walfarma\dominio\Lote.java
C:\java\springsource\spring-roo-1.1.2.RELEASE\bin\src\main\java\br\com\walfarma\dominio\Cheque_Roo_Configurable.aj
C:\java\springsource\spring-roo-1.1.2.RELEASE\bin\src\main\java\br\com\walfarma\dominio\CurvaABC.java
C:\java\springsource\spring-roo-1.1.2.RELEASE\bin\src\main\java\br\com\walfarma\dominio\Etiqueta_Roo_Configurable.aj
C:\java\springsource\spring-roo-1.1.2.RELEASE\bin\src\main\java\br\com\walfarma\dominio\ProdutoSubstancia_Roo_ToString.aj
C:\java\springsource\spring-roo-1.1.2.RELEASE\bin\src\main\java\br\com\walfarma\dominio\ContasRecebidas_Roo_Entity.aj
C:\java\springsource\spring-roo-1.1.2.RELEASE\bin\src\main\java\br\com\walfarma\dominio\CabecalhoNota.java
C:\java\springsource\spring-roo-1.1.2.RELEASE\bin\src\main\java\br\com\walfarma\dominio\ContasRecebidas.java
C:\java\springsource\spring-roo-1.1.2.RELEASE\bin\src\main\java\br\com\walfarma\dominio\Cliente_Roo_JavaBean.aj
C:\java\springsource\spring-roo-1.1.2.RELEASE\bin\src\main\java\br\com\walfarma\dominio\CabecalhoVenda_Roo_Entity.aj
C:\java\springsource\spring-roo-1.1.2.RELEASE\bin\src\main\java\br\com\walfarma\dominio\Banco.java
C:\java\springsource\spring-roo-1.1.2.RELEASE\bin\src\main\java\br\com\walfarma\dominio\Etiqueta_Roo_Entity.aj
C:\java\springsource\spring-roo-1.1.2.RELEASE\bin\src\main\java\br\com\walfarma\dominio\Inadimplente_Roo_Configurable.aj
C:\java\springsource\spring-roo-1.1.2.RELEASE\bin\src\main\java\br\com\walfarma\dominio\Cliente_Roo_ToString.aj
C:\java\springsource\spring-roo-1.1.2.RELEASE\bin\src\main\java\br\com\walfarma\dominio\Categoria_Roo_JavaBean.aj
C:\java\springsource\spring-roo-1.1.2.RELEASE\bin\src\main\java\br\com\walfarma\dominio\Funcionario_Roo_Entity.aj
C:\java\springsource\spring-roo-1.1.2.RELEASE\bin\src\main\java\br\com\walfarma\dominio\CabecalhoVenda_Roo_Configurable.aj
